<?xml version="1.0" encoding="UTF-8"?>
<testng-results ignored="0" total="2" passed="2" failed="0" skipped="0">
  <reporter-output>
  </reporter-output>
  <suite started-at="2023-02-22T17:13:09 IST" name="Default suite" finished-at="2023-02-22T17:13:13 IST" duration-ms="3939">
    <groups>
    </groups>
    <test started-at="2023-02-22T17:13:09 IST" name="Default test" finished-at="2023-02-22T17:13:13 IST" duration-ms="3939">
      <class name="FirstClass">
        <test-method signature="Addplace(java.lang.String,java.lang.String)[pri:0, instance:FirstClass@614ca7df]" started-at="2023-02-22T17:13:09 IST" name="Addplace" data-provider="Place" finished-at="2023-02-22T17:13:13 IST" duration-ms="3616" status="PASS">
          <params>
            <param index="0">
              <value>
                <![CDATA[isha]]>
              </value>
            </param>
            <param index="1">
              <value>
                <![CDATA[12345]]>
              </value>
            </param>
          </params>
          <reporter-output>
          </reporter-output>
        </test-method> <!-- Addplace -->
        <test-method signature="Addplace(java.lang.String,java.lang.String)[pri:0, instance:FirstClass@614ca7df]" started-at="2023-02-22T17:13:13 IST" name="Addplace" data-provider="Place" finished-at="2023-02-22T17:13:13 IST" duration-ms="248" status="PASS">
          <params>
            <param index="0">
              <value>
                <![CDATA[rahul]]>
              </value>
            </param>
            <param index="1">
              <value>
                <![CDATA[45678]]>
              </value>
            </param>
          </params>
          <reporter-output>
          </reporter-output>
        </test-method> <!-- Addplace -->
      </class> <!-- FirstClass -->
    </test> <!-- Default test -->
  </suite> <!-- Default suite -->
</testng-results>
